#
# There is insufficient memory for the Java Runtime Environment to continue.
# Native memory allocation (malloc) failed to allocate 1048576 bytes for AllocateHeap
# Possible reasons:
#   The system is out of physical RAM or swap space
#   In 32 bit mode, the process size limit was hit
# Possible solutions:
#   Reduce memory load on the system
#   Increase physical memory or swap space
#   Check if swap backing store is full
#   Use 64 bit Java on a 64 bit OS
#   Decrease Java heap size (-Xmx/-Xms)
#   Decrease number of Java threads
#   Decrease Java thread stack sizes (-Xss)
#   Set larger code cache with -XX:ReservedCodeCacheSize=
# This output file may be truncated or incomplete.
#
#  Out of Memory Error (memory/allocation.inline.hpp:61), pid=14680, tid=18028
#
# JRE version:  (8.0_71-b15) (build )
# Java VM: Java HotSpot(TM) 64-Bit Server VM (25.71-b15 mixed mode windows-amd64 compressed oops)
# Failed to write core dump. Minidumps are not enabled by default on client versions of Windows
#

---------------  T H R E A D  ---------------

Current thread (0x00000000023d0800):  JavaThread "Unknown thread" [_thread_in_vm, id=18028, stack(0x0000000002240000,0x0000000002340000)]

Stack: [0x0000000002240000,0x0000000002340000]
[error occurred during error reporting (printing stack bounds), id 0xc0000005]

Native frames: (J=compiled Java code, j=interpreted, Vv=VM code, C=native code)


---------------  P R O C E S S  ---------------

Java Threads: ( => current thread )

Other Threads:

=>0x00000000023d0800 (exited) JavaThread "Unknown thread" [_thread_in_vm, id=18028, stack(0x0000000002240000,0x0000000002340000)]

VM state:not at safepoint (normal execution)

VM Mutex/Monitor currently owned by a thread: None

Heap:
 PSYoungGen      total 18944K, used 327K [0x00000000eb180000, 0x00000000ec680000, 0x0000000100000000)
  eden space 16384K, 2% used [0x00000000eb180000,0x00000000eb1d1ec8,0x00000000ec180000)
  from space 2560K, 0% used [0x00000000ec400000,0x00000000ec400000,0x00000000ec680000)
  to   space 2560K, 0% used [0x00000000ec180000,0x00000000ec180000,0x00000000ec400000)
 ParOldGen       total 44032K, used 0K [0x00000000c1400000, 0x00000000c3f00000, 0x00000000eb180000)
  object space 44032K, 0% used [0x00000000c1400000,0x00000000c1400000,0x00000000c3f00000)
 Metaspace       used 746K, capacity 4480K, committed 4480K, reserved 1056768K
  class space    used 75K, capacity 384K, committed 384K, reserved 1048576K

Card table byte_map: [0x0000000011890000,0x0000000011a90000] byte_map_base: 0x0000000011286000

Marking Bits: (ParMarkBitMap*) 0x000000007036f600
 Begin Bits: [0x0000000011fe0000, 0x0000000012f90000)
 End Bits:   [0x0000000012f90000, 0x0000000013f40000)

Polling page: 0x00000000001f0000

CodeCache: size=245760Kb used=328Kb max_used=328Kb free=245431Kb
 bounds [0x00000000024d0000, 0x0000000002740000, 0x00000000114d0000]
 total_blobs=57 nmethods=0 adapters=37
 compilation: enabled

Compilation events (0 events):
No events

GC Heap History (0 events):
No events

Deoptimization events (0 events):
No events

Internal exceptions (0 events):
No events

Events (10 events):
Event: 0.023 loading class java/lang/Short
Event: 0.023 loading class java/lang/Short done
Event: 0.023 loading class java/lang/Integer
Event: 0.023 loading class java/lang/Integer done
Event: 0.023 loading class java/lang/Long
Event: 0.023 loading class java/lang/Long done
Event: 0.024 loading class java/lang/NullPointerException
Event: 0.024 loading class java/lang/NullPointerException done
Event: 0.024 loading class java/lang/ArithmeticException
Event: 0.024 loading class java/lang/ArithmeticException done


Dynamic libraries:
0x00007ff6e6f20000 - 0x00007ff6e6f57000 	C:\Program Files\Java\jre1.8.0_71\bin\javaw.exe
0x00007ffd488a0000 - 0x00007ffd48a61000 	C:\WINDOWS\SYSTEM32\ntdll.dll
0x00007ffd47280000 - 0x00007ffd4732d000 	C:\WINDOWS\system32\KERNEL32.DLL
0x00007ffd44fb0000 - 0x00007ffd45198000 	C:\WINDOWS\system32\KERNELBASE.dll
0x00007ffd46470000 - 0x00007ffd46517000 	C:\WINDOWS\system32\ADVAPI32.dll
0x00007ffd46b80000 - 0x00007ffd46c1d000 	C:\WINDOWS\system32\msvcrt.dll
0x00007ffd46120000 - 0x00007ffd4617b000 	C:\WINDOWS\system32\sechost.dll
0x00007ffd46750000 - 0x00007ffd4686c000 	C:\WINDOWS\system32\RPCRT4.dll
0x00007ffd46c20000 - 0x00007ffd46d76000 	C:\WINDOWS\system32\USER32.dll
0x00007ffd469f0000 - 0x00007ffd46b76000 	C:\WINDOWS\system32\GDI32.dll
0x00007ffd38b50000 - 0x00007ffd38dc4000 	C:\WINDOWS\WinSxS\amd64_microsoft.windows.common-controls_6595b64144ccf1df_6.0.10586.0_none_8c15ae12515e1c22\COMCTL32.dll
0x00007ffd45ca0000 - 0x00007ffd45f1d000 	C:\WINDOWS\system32\combase.dll
0x00007ffd45270000 - 0x00007ffd452da000 	C:\WINDOWS\system32\bcryptPrimitives.dll
0x00007ffd46180000 - 0x00007ffd461bb000 	C:\WINDOWS\system32\IMM32.DLL
0x000000006f700000 - 0x000000006f7d2000 	C:\Program Files\Java\jre1.8.0_71\bin\msvcr100.dll
0x000000006fb60000 - 0x00000000703ef000 	C:\Program Files\Java\jre1.8.0_71\bin\server\jvm.dll
0x00007ffd46870000 - 0x00007ffd46878000 	C:\WINDOWS\system32\PSAPI.DLL
0x00007ffd38330000 - 0x00007ffd3833a000 	C:\WINDOWS\SYSTEM32\VERSION.dll
0x00007ffd43180000 - 0x00007ffd431a3000 	C:\WINDOWS\SYSTEM32\WINMM.dll
0x00007ffd34c90000 - 0x00007ffd34c99000 	C:\WINDOWS\SYSTEM32\WSOCK32.dll
0x00007ffd46390000 - 0x00007ffd463fb000 	C:\WINDOWS\system32\WS2_32.dll
0x00007ffd43040000 - 0x00007ffd4306c000 	C:\WINDOWS\SYSTEM32\WINMMBASE.dll
0x00007ffd45bc0000 - 0x00007ffd45c03000 	C:\WINDOWS\system32\cfgmgr32.dll
0x00000000716e0000 - 0x00000000716ef000 	C:\Program Files\Java\jre1.8.0_71\bin\verify.dll
0x000000006fa50000 - 0x000000006fa79000 	C:\Program Files\Java\jre1.8.0_71\bin\java.dll
0x000000006fa30000 - 0x000000006fa46000 	C:\Program Files\Java\jre1.8.0_71\bin\zip.dll

VM Arguments:
jvm_args: -Dfile.encoding=Cp1252 
java_command: ModelStoreApplication
java_class_path (initial): D:\JavaStoreKeeper\StoreKeeper\bin
Launcher Type: SUN_STANDARD

Environment Variables:
PATH=C:/Program Files/Java/jre1.8.0_71/bin/server;C:/Program Files/Java/jre1.8.0_71/bin;C:/Program Files/Java/jre1.8.0_71/lib/amd64;C:\ProgramData\Oracle\Java\javapath;C:\Program Files (x86)\Lenovo\FusionEngine;C:\WINDOWS\system32;C:\WINDOWS;C:\WINDOWS\System32\Wbem;C:\WINDOWS\System32\WindowsPowerShell\v1.0\;C:\Program Files (x86)\Common Files\lenovo\easyplussdk\bin;C:\Program Files (x86)\ATI Technologies\ATI.ACE\Core-Static;C:\Program Files\Intel\WiFi\bin\;C:\Program Files\Common Files\Intel\WirelessCommon\;C:\Program Files (x86)\Skype\Phone\;c:\Program Files (x86)\Microsoft SQL Server\100\Tools\Binn\;c:\Program Files (x86)\Microsoft SQL Server\100\DTS\Binn\;C:\Program Files (x86)\GtkSharp\2.12\bin;C:\Users\lenovo\AppData\Local\Programs\Python\Python35\Scripts\;C:\Users\lenovo\AppData\Local\Programs\Python\Python35\;C:\Program Files\Java\jdk1.8.0_71\bin;C:\Users\lenovo\Desktop;
USERNAME=agarwal.puja
OS=Windows_NT
PROCESSOR_IDENTIFIER=Intel64 Family 6 Model 61 Stepping 4, GenuineIntel



---------------  S Y S T E M  ---------------

OS: Windows 10.0 , 64 bit Build 10586 (10.0.10586.0)

CPU:total 4 (2 cores per cpu, 2 threads per core) family 6 model 61 stepping 4, cmov, cx8, fxsr, mmx, sse, sse2, sse3, ssse3, sse4.1, sse4.2, popcnt, avx, avx2, aes, clmul, erms, 3dnowpref, lzcnt, ht, tsc, tscinvbit, bmi1, bmi2, adx

Memory: 4k page, physical 4106704k(815580k free), swap 16689616k(5456k free)

vm_info: Java HotSpot(TM) 64-Bit Server VM (25.71-b15) for windows-amd64 JRE (1.8.0_71-b15), built on Dec 22 2015 18:15:55 by "java_re" with MS VC++ 10.0 (VS2010)

time: Tue Mar 22 00:51:47 2016
elapsed time: 0 seconds (0d 0h 0m 0s)

